TN:
SF:/Users/gadarsh/Downloads/Quinbook-frontend/src/components/like-dislike.vue
FN:23,(anonymous_1)
FN:32,(anonymous_2)
FN:38,(anonymous_3)
FN:42,(anonymous_4)
FN:48,(anonymous_5)
FN:68,(anonymous_6)
FN:72,(anonymous_7)
FNF:7
FNH:3
FNDA:4,(anonymous_1)
FNDA:1,(anonymous_2)
FNDA:0,(anonymous_3)
FNDA:0,(anonymous_4)
FNDA:2,(anonymous_5)
FNDA:0,(anonymous_6)
FNDA:0,(anonymous_7)
DA:20,1
DA:24,4
DA:33,1
DA:38,1
DA:40,0
DA:41,0
DA:44,0
DA:45,0
DA:50,2
DA:52,1
DA:53,1
DA:56,1
DA:57,1
DA:59,2
DA:61,2
DA:68,2
DA:70,0
DA:71,0
DA:74,0
DA:75,0
LF:20
LH:12
BRDA:50,0,0,1
BRDA:50,0,1,1
BRF:2
BRH:2
end_of_record
TN:
SF:/Users/gadarsh/Downloads/Quinbook-frontend/src/components/navbar5.vue
FN:29,(anonymous_1)
FN:35,(anonymous_2)
FN:39,(anonymous_3)
FN:41,(anonymous_4)
FN:43,(anonymous_5)
FN:45,(anonymous_6)
FN:47,(anonymous_7)
FN:51,(anonymous_8)
FNF:8
FNH:2
FNDA:5,(anonymous_1)
FNDA:1,(anonymous_2)
FNDA:0,(anonymous_3)
FNDA:0,(anonymous_4)
FNDA:0,(anonymous_5)
FNDA:0,(anonymous_6)
FNDA:0,(anonymous_7)
FNDA:0,(anonymous_8)
DA:26,1
DA:30,5
DA:36,1
DA:39,1
DA:40,0
DA:41,0
DA:43,1
DA:44,0
DA:45,0
DA:47,1
DA:48,0
DA:49,0
DA:50,0
DA:51,0
LF:14
LH:6
BRF:0
BRH:0
end_of_record
TN:
SF:/Users/gadarsh/Downloads/Quinbook-frontend/src/components/profile-cover.vue
FN:35,(anonymous_1)
FN:44,(anonymous_2)
FN:49,(anonymous_3)
FN:57,(anonymous_4)
FN:60,(anonymous_5)
FN:61,(anonymous_6)
FN:64,(anonymous_7)
FNF:7
FNH:6
FNDA:3,(anonymous_1)
FNDA:5,(anonymous_2)
FNDA:1,(anonymous_3)
FNDA:1,(anonymous_4)
FNDA:1,(anonymous_5)
FNDA:0,(anonymous_6)
FNDA:3,(anonymous_7)
DA:33,1
DA:36,3
DA:45,5
DA:50,1
DA:55,1
DA:58,1
DA:61,1
DA:65,3
LF:8
LH:8
BRF:0
BRH:0
end_of_record
